<?xml version="1.0" encoding="UTF-8"?>
<!-- Generated by org.testng.reporters.JUnitReportReporter -->
<testsuite hostname="user-MS-7B28" failures="0" tests="2" name="Lits.Homework9.AppTest" time="11.036" errors="0" timestamp="08 Jan 2019 14:06:51 GMT" skipped="0">
  <testcase classname="Lits.Homework9.AppTest" name="TestNoFoundText" time="0.193"/>
  <testcase classname="Lits.Homework9.AppTest" name="TestFoundText111" time="10.843"/>
</testsuite> <!-- Lits.Homework9.AppTest -->
